JvmtiExport can_access_local_variables 0
JvmtiExport can_hotswap_or_post_breakpoint 0
JvmtiExport can_post_on_exceptions 0
# 490 ciObject found
ciMethod java/lang/Object <init> ()V 4097 1 160231 0 0
ciMethod java/lang/Object hashCode ()I 2049 1 256 0 -1
ciMethod java/lang/Object equals (Ljava/lang/Object;)Z 2481 1 2922 0 -1
ciMethod java/lang/Object clone ()Ljava/lang/Object; 2049 1 256 0 -1
ciMethod java/lang/String <init> ([CII)V 2865 1 5516 0 704
ciMethod java/lang/String <init> ([BIILjava/lang/String;)V 3073 1 1055 0 -1
ciMethod java/lang/String <init> ([CZ)V 2081 1 11429 0 0
ciMethod java/lang/String length ()I 3089 1 86228 0 0
ciMethod java/lang/String charAt (I)C 4097 1 868828 0 160
ciMethod java/lang/String codePointAt (I)I 889 1 3537 0 -1
ciMethod java/lang/String getChars ([CI)V 3073 1 5553 0 0
ciMethod java/lang/String equals (Ljava/lang/Object;)Z 2265 16201 2781 0 -1
ciMethod java/lang/String equalsIgnoreCase (Ljava/lang/String;)Z 2057 1 5405 0 1504
ciMethod java/lang/String regionMatches (ZILjava/lang/String;II)Z 1585 625 3904 0 0
ciMethod java/lang/String hashCode ()I 2505 32769 930 0 320
ciMethod java/lang/String lastIndexOf (I)I 2057 1 13499 0 288
ciMethod java/lang/String lastIndexOf (II)I 969 57361 883 0 288
ciMethod java/lang/String lastIndexOfSupplementary (II)I 0 0 1 0 -1
ciMethod java/lang/String substring (II)Ljava/lang/String; 2609 1 5522 0 960
ciMethod java/lang/String concat (Ljava/lang/String;)Ljava/lang/String; 3073 1 5553 0 896
ciMethod java/lang/String replace (CC)Ljava/lang/String; 1025 48929 957 0 1184
ciMethod java/lang/String toUpperCase (Ljava/util/Locale;)Ljava/lang/String; 545 13889 852 0 2400
ciMethod java/lang/ClassLoader defineClass (Ljava/lang/String;[BIILjava/security/ProtectionDomain;)Ljava/lang/Class; 2169 1 2169 0 -1
ciMethod java/lang/ClassLoader definePackage (Ljava/lang/String;Ljava/lang/String;Ljava/lang/String;Ljava/lang/String;Ljava/lang/String;Ljava/lang/String;Ljava/lang/String;Ljava/net/URL;)Ljava/lang/Package; 945 1 345 0 0
ciMethod java/lang/ClassLoader getPackage (Ljava/lang/String;)Ljava/lang/Package; 2081 1 4041 0 0
ciMethod java/lang/System nanoTime ()J 3073 1 384 0 -1
ciMethod java/lang/System arraycopy (Ljava/lang/Object;ILjava/lang/Object;II)V 4097 1 512 0 -1
ciMethod java/lang/Throwable addSuppressed (Ljava/lang/Throwable;)V 0 0 1 0 0
ciMethod java/security/SecureClassLoader defineClass (Ljava/lang/String;[BIILjava/security/CodeSource;)Ljava/lang/Class; 2169 1 2116 0 0
ciMethod java/security/SecureClassLoader defineClass (Ljava/lang/String;Ljava/nio/ByteBuffer;Ljava/security/CodeSource;)Ljava/lang/Class; 0 0 1 0 -1
ciMethod java/security/SecureClassLoader getProtectionDomain (Ljava/security/CodeSource;)Ljava/security/ProtectionDomain; 2169 1 2169 0 -1
ciMethod java/lang/ref/Reference get ()Ljava/lang/Object; 1033 1 129 0 -1
ciMethod java/lang/ref/Reference <init> (Ljava/lang/Object;)V 2057 1 3188 0 0
ciMethod java/lang/ref/Reference <init> (Ljava/lang/Object;Ljava/lang/ref/ReferenceQueue;)V 2065 1 11911 0 0
ciMethod java/lang/ref/SoftReference <init> (Ljava/lang/Object;)V 1681 1 1185 0 0
ciMethod java/lang/ref/SoftReference get ()Ljava/lang/Object; 2049 1 5066 0 0
ciMethod java/lang/Thread currentThread ()Ljava/lang/Thread; 2049 1 256 0 -1
ciMethod java/lang/Thread interrupt ()V 0 0 1 0 -1
ciMethod java/lang/Thread interrupted ()Z 3193 1 2194 0 -1
ciMethod java/util/Map get (Ljava/lang/Object;)Ljava/lang/Object; 0 0 1 0 -1
ciMethod java/util/Map put (Ljava/lang/Object;Ljava/lang/Object;)Ljava/lang/Object; 0 0 1 0 -1
ciMethod java/util/Hashtable <init> (IF)V 2049 1 542 0 0
ciMethod java/util/Hashtable <init> (I)V 1145 1 137 0 0
ciMethod java/util/Hashtable <init> ()V 2049 1 405 0 0
ciMethod java/util/Dictionary <init> ()V 2049 1 542 0 0
ciMethod java/lang/StringBuilder <init> ()V 945 1 9373 0 -1
ciMethod java/lang/StringBuilder append (Ljava/lang/String;)Ljava/lang/StringBuilder; 1993 1 13905 0 -1
ciMethod java/lang/StringBuilder toString ()Ljava/lang/String; 1041 1 9596 0 -1
ciMethod java/io/ByteArrayInputStream <init> ([B)V 153 1 138 0 0
ciMethod java/io/InputStream <init> ()V 3089 1 5730 0 0
ciMethod java/io/InputStream read ([BII)I 9 1497 1 0 -1
ciMethod java/io/InputStream close ()V 0 0 1 0 -1
ciMethod java/net/URLClassLoader getAndVerifyPackage (Ljava/lang/String;Ljava/util/jar/Manifest;Ljava/net/URL;)Ljava/lang/Package; 3073 1 2135 0 0
ciMethod java/net/URLClassLoader definePackageInternal (Ljava/lang/String;Ljava/util/jar/Manifest;Ljava/net/URL;)V 2169 1 2116 0 0
ciMethod java/net/URLClassLoader defineClass (Ljava/lang/String;Lsun/misc/Resource;)Ljava/lang/Class; 1137 1 2115 0 0
ciMethod java/net/URLClassLoader definePackage (Ljava/lang/String;Ljava/util/jar/Manifest;Ljava/net/URL;)Ljava/lang/Package; 945 1 344 0 0
ciMethod java/net/URLClassLoader isSealed (Ljava/lang/String;Ljava/util/jar/Manifest;)Z 2049 1 1790 0 0
ciMethod java/net/URLClassLoader access$000 (Ljava/net/URLClassLoader;)Lsun/misc/URLClassPath; 1097 1 137 0 0
ciMethod java/net/URLClassLoader access$100 (Ljava/net/URLClassLoader;Ljava/lang/String;Lsun/misc/Resource;)Ljava/lang/Class; 1137 1 2112 0 0
ciMethod java/util/jar/Manifest <init> (Ljava/io/InputStream;)V 153 1 135 0 0
ciMethod java/util/jar/Manifest getMainAttributes ()Ljava/util/jar/Attributes; 1025 1 128 0 0
ciMethod java/util/jar/Manifest getEntries ()Ljava/util/Map; 1033 1 129 0 0
ciMethod java/util/jar/Manifest getAttributes (Ljava/lang/String;)Ljava/util/jar/Attributes; 2977 1 2231 0 0
ciMethod java/util/jar/Manifest read (Ljava/io/InputStream;)V 153 1 136 0 -1
ciMethod java/util/jar/Manifest parseName ([BI)Ljava/lang/String; 393 1 49 0 -1
ciMethod java/security/CodeSource <init> (Ljava/net/URL;[Ljava/security/CodeSigner;)V 2169 1 2116 0 0
ciMethod java/lang/Character charCount (I)I 1201 1 5934 0 -1
ciMethod java/lang/Character toChars (I[CI)I 0 0 1 0 -1
ciMethod java/lang/Character toChars (I)[C 0 0 1 0 -1
ciMethod java/lang/Character toLowerCase (C)C 2057 1 13617 0 0
ciMethod java/lang/Character toLowerCase (I)I 4097 1 182988 0 160
ciMethod java/lang/Character toUpperCase (C)C 2049 1 12678 0 0
ciMethod java/lang/Character toUpperCase (I)I 2041 1 12680 0 0
ciMethod java/lang/Character toUpperCaseEx (I)I 2097 1 26926 0 -1
ciMethod java/lang/Character toUpperCaseCharArray (I)[C 0 0 1 0 -1
ciMethod java/lang/Float isNaN (F)Z 2049 1 2229 0 0
ciMethod java/lang/Float floatToRawIntBits (F)I 9 1 1 0 -1
ciMethod java/util/Comparator compare (Ljava/lang/Object;Ljava/lang/Object;)I 0 0 1 0 -1
ciMethod java/security/AccessController doPrivileged (Ljava/security/PrivilegedAction;)Ljava/lang/Object; 2049 1 256 0 -1
ciMethod java/util/List add (Ljava/lang/Object;)Z 0 0 1 0 -1
ciMethod java/util/AbstractList <init> ()V 3073 1 6570 0 32
ciMethod java/util/AbstractCollection <init> ()V 569 1 9529 0 0
ciMethod java/util/ArrayList <init> (I)V 3073 1 1066 0 -1
ciMethod java/util/ArrayList <init> ()V 1433 1 3374 0 0
ciMethod java/util/ArrayList get (I)Ljava/lang/Object; 2129 1 7001 0 -1
ciMethod java/util/AbstractMap <init> ()V 553 1 2967 0 0
ciMethod java/util/HashMap hash (Ljava/lang/Object;)I 2105 1 19978 0 0
ciMethod java/util/HashMap tableSizeFor (I)I 2049 1 1208 0 0
ciMethod java/util/HashMap <init> (IF)V 1969 1 1201 0 0
ciMethod java/util/HashMap <init> (I)V 497 1 407 0 0
ciMethod java/util/HashMap <init> ()V 217 1 1160 0 0
ciMethod java/util/HashMap get (Ljava/lang/Object;)Ljava/lang/Object; 2049 1 10533 0 608
ciMethod java/util/HashMap getNode (ILjava/lang/Object;)Ljava/util/HashMap$Node; 2057 25 10535 0 544
ciMethod java/util/HashMap put (Ljava/lang/Object;Ljava/lang/Object;)Ljava/lang/Object; 1281 1 7211 0 224
ciMethod java/util/HashMap putVal (ILjava/lang/Object;Ljava/lang/Object;ZZ)Ljava/lang/Object; 1313 65 7392 0 1280
ciMethod java/util/HashMap resize ()[Ljava/util/HashMap$Node; 433 337 1320 0 -1
ciMethod java/util/HashMap treeifyBin ([Ljava/util/HashMap$Node;I)V 0 0 1 0 -1
ciMethod java/util/HashMap newNode (ILjava/lang/Object;Ljava/lang/Object;Ljava/util/HashMap$Node;)Ljava/util/HashMap$Node; 2049 1 5440 0 224
ciMethod java/util/HashMap afterNodeAccess (Ljava/util/HashMap$Node;)V 2049 1 1280 0 0
ciMethod java/util/HashMap afterNodeInsertion 